<?xml version="1.0" encoding="UTF-8"?><testsuite errors="1" failures="0" name="pasar por caja" skipped="0" tests="1" time="81.73" timestamp="2022-08-05 05:59:45"><testcase name="pasar por caja tres productos"><error message="no such element: Unable to locate element: {&quot;method&quot;:&quot;xpath&quot;,&quot;selector&quot;:&quot;//strong[text()='No tienes ningún artículo en tu carrito de compras.']&quot;}&#10;  (Session info: chrome=103.0.5060.134)&#10;For documentation on this error, please visit: https://www.seleniumhq.org/exceptions/no_such_element.html&#10;Build info: version: '3.141.59', revision: 'e82be7d358', time: '2018-11-14T08:17:03'&#10;System info: host: 'DESKTOP-4DRDE1B', ip: '192.168.233.1', os.name: 'Windows 10', os.arch: 'amd64', os.version: '10.0', java.version: '15.0.2'&#10;Driver info: org.openqa.selenium.chrome.ChromeDriver&#10;Capabilities {acceptInsecureCerts: false, browserName: chrome, browserVersion: 103.0.5060.134, chrome: {chromedriverVersion: 103.0.5060.134 (8ec6fce403b..., userDataDir: C:\Users\Molina\AppData\Loc...}, goog:chromeOptions: {debuggerAddress: localhost:62591}, javascriptEnabled: true, networkConnectionEnabled: false, pageLoadStrategy: normal, platform: WINDOWS, platformName: WINDOWS, proxy: Proxy(), setWindowRect: true, strictFileInteractability: false, timeouts: {implicit: 0, pageLoad: 300000, script: 30000}, unhandledPromptBehavior: ignore, webauthn:extension:credBlob: true, webauthn:extension:largeBlob: true, webauthn:virtualAuthenticators: true}&#10;Session ID: 1d24cf2e061ecdd7947eb2456e277efc&#10;*** Element info: {Using=xpath, value=//strong[text()='No tienes ningún artículo en tu carrito de compras.']}&#10;For documentation on this error, please visit: https://www.seleniumhq.org/exceptions/no_such_element.html&#10;Build info: version: '3.141.59', revision: 'e82be7d358', time: '2018-11-14T08:17:03'&#10;System info: host: 'DESKTOP-4DRDE1B', ip: '192.168.233.1', os.name: 'Windows 10', os.arch: 'amd64', os.version: '10.0', java.version: '15.0.2'&#10;Driver info: driver.version: unknown" type="org.openqa.selenium.NoSuchElementException">no such element: Unable to locate element: {"method":"xpath","selector":"//strong[text()='No tienes ningún artículo en tu carrito de compras.']"}
  (Session info: chrome=103.0.5060.134)
For documentation on this error, please visit: https://www.seleniumhq.org/exceptions/no_such_element.html
Build info: version: '3.141.59', revision: 'e82be7d358', time: '2018-11-14T08:17:03'
System info: host: 'DESKTOP-4DRDE1B', ip: '192.168.233.1', os.name: 'Windows 10', os.arch: 'amd64', os.version: '10.0', java.version: '15.0.2'
Driver info: org.openqa.selenium.chrome.ChromeDriver
Capabilities {acceptInsecureCerts: false, browserName: chrome, browserVersion: 103.0.5060.134, chrome: {chromedriverVersion: 103.0.5060.134 (8ec6fce403b..., userDataDir: C:\Users\Molina\AppData\Loc...}, goog:chromeOptions: {debuggerAddress: localhost:62591}, javascriptEnabled: true, networkConnectionEnabled: false, pageLoadStrategy: normal, platform: WINDOWS, platformName: WINDOWS, proxy: Proxy(), setWindowRect: true, strictFileInteractability: false, timeouts: {implicit: 0, pageLoad: 300000, script: 30000}, unhandledPromptBehavior: ignore, webauthn:extension:credBlob: true, webauthn:extension:largeBlob: true, webauthn:virtualAuthenticators: true}
Session ID: 1d24cf2e061ecdd7947eb2456e277efc
*** Element info: {Using=xpath, value=//strong[text()='No tienes ningún artículo en tu carrito de compras.']}
For documentation on this error, please visit: https://www.seleniumhq.org/exceptions/no_such_element.html
Build info: version: '3.141.59', revision: 'e82be7d358', time: '2018-11-14T08:17:03'
System info: host: 'DESKTOP-4DRDE1B', ip: '192.168.233.1', os.name: 'Windows 10', os.arch: 'amd64', os.version: '10.0', java.version: '15.0.2'
Driver info: driver.version: unknown</error><system-err>no such element: Unable to locate element: {"method":"xpath","selector":"//strong[text()='No tienes ningún artículo en tu carrito de compras.']"}
  (Session info: chrome=103.0.5060.134)
For documentation on this error, please visit: https://www.seleniumhq.org/exceptions/no_such_element.html
Build info: version: '3.141.59', revision: 'e82be7d358', time: '2018-11-14T08:17:03'
System info: host: 'DESKTOP-4DRDE1B', ip: '192.168.233.1', os.name: 'Windows 10', os.arch: 'amd64', os.version: '10.0', java.version: '15.0.2'
Driver info: org.openqa.selenium.chrome.ChromeDriver
Capabilities {acceptInsecureCerts: false, browserName: chrome, browserVersion: 103.0.5060.134, chrome: {chromedriverVersion: 103.0.5060.134 (8ec6fce403b..., userDataDir: C:\Users\Molina\AppData\Loc...}, goog:chromeOptions: {debuggerAddress: localhost:62591}, javascriptEnabled: true, networkConnectionEnabled: false, pageLoadStrategy: normal, platform: WINDOWS, platformName: WINDOWS, proxy: Proxy(), setWindowRect: true, strictFileInteractability: false, timeouts: {implicit: 0, pageLoad: 300000, script: 30000}, unhandledPromptBehavior: ignore, webauthn:extension:credBlob: true, webauthn:extension:largeBlob: true, webauthn:virtualAuthenticators: true}
Session ID: 1d24cf2e061ecdd7947eb2456e277efc
*** Element info: {Using=xpath, value=//strong[text()='No tienes ningún artículo en tu carrito de compras.']}
For documentation on this error, please visit: https://www.seleniumhq.org/exceptions/no_such_element.html
Build info: version: '3.141.59', revision: 'e82be7d358', time: '2018-11-14T08:17:03'
System info: host: 'DESKTOP-4DRDE1B', ip: '192.168.233.1', os.name: 'Windows 10', os.arch: 'amd64', os.version: '10.0', java.version: '15.0.2'
Driver info: driver.version: unknown&#13;
com.dekosas.Steps.DatosEnvioStep.validarCarroVacio(DatosEnvioStep.java:91)&#13;
com.dekosas.StepDefinitions.PasarPorCajaStepDefinition.visualizaraNoTienesNingunArticuloEnTuCarritoDeCompras(PasarPorCajaStepDefinition.java:80)&#13;
✽.visualizara no tienes ningun articulo en tu carrito de compras(src/test/resources/features/pasarPorCaja.feature:12)&#13;
</system-err></testcase></testsuite>